<?xml version="1.0" encoding="UTF-8"?>
<!-- Generated by org.testng.reporters.JUnitReportReporter -->
<testsuite hostname="TALW46ZLPC0748" failures="0" tests="1" name="e.testngdemo.A_BasicTestNgScriptBeforeAfter" time="0.047" errors="0" timestamp="2024-07-29T12:27:53 IST" skipped="0">
  <testcase classname="e.testngdemo.A_BasicTestNgScriptBeforeAfter" name="test1" time="0.047"/>
</testsuite> <!-- e.testngdemo.A_BasicTestNgScriptBeforeAfter -->
