<?xml version="1.0" encoding="UTF-8"?>
<!-- Generated by org.testng.reporters.JUnitReportReporter -->
<testsuite hostname="TALW46ZLPC0748" failures="0" tests="2" name="e.testngdemo.H_EnabledParam" time="0.029" errors="0" timestamp="2024-07-31T11:04:46 IST" skipped="1">
  <testcase classname="e.testngdemo.H_EnabledParam" name="test2" time="0.029"/>
  <testcase classname="e.testngdemo.H_EnabledParam" name="test1">
    <skipped/>
  </testcase> <!-- test1 -->
</testsuite> <!-- e.testngdemo.H_EnabledParam -->
