<?xml version="1.0" encoding="UTF-8"?>
<!-- Generated by org.testng.reporters.JUnitReportReporter -->
<testsuite hostname="TALW46ZLPC0748" failures="0" tests="2" name="e.testngdemo.N_TestExecuteParallel" time="0.058" errors="0" timestamp="2024-07-31T11:32:54 IST" skipped="0">
  <testcase classname="e.testngdemo.N_TestExecuteParallel" name="test2" time="0.029"/>
  <testcase classname="e.testngdemo.N_TestExecuteParallel" name="test1" time="0.029"/>
</testsuite> <!-- e.testngdemo.N_TestExecuteParallel -->
