<?xml version="1.0" encoding="UTF-8"?>
<!-- Generated by org.testng.reporters.JUnitReportReporter -->
<testsuite hostname="TALW46ZLPC0748" failures="0" tests="2" name="e.testngdemo.F_AnnotationsDemo" time="0.015" errors="0" timestamp="2024-07-31T11:00:22 IST" skipped="0">
  <testcase classname="e.testngdemo.F_AnnotationsDemo" name="test2" time="0.006"/>
  <testcase classname="e.testngdemo.F_AnnotationsDemo" name="test1" time="0.009"/>
</testsuite> <!-- e.testngdemo.F_AnnotationsDemo -->
