<?xml version="1.0" encoding="UTF-8"?>
<!-- Generated by org.testng.reporters.JUnitReportReporter -->
<testsuite hostname="TALW46ZLPC0748" failures="0" tests="1" name="e.testngdemo.G_PassAndFailTest" time="0.066" errors="0" timestamp="2024-07-31T10:51:35 IST" skipped="0">
  <testcase classname="e.testngdemo.G_PassAndFailTest" name="test2" time="0.066"/>
</testsuite> <!-- e.testngdemo.G_PassAndFailTest -->
