<?xml version="1.0" encoding="UTF-8"?>
<!-- Generated by org.testng.reporters.JUnitReportReporter -->
<testsuite hostname="TALW46ZLPC0748" failures="0" tests="2" name="e.testngdemo.B_BasicTestNgScript" time="0.037" errors="0" timestamp="2024-07-31T11:07:54 IST" skipped="0">
  <testcase classname="e.testngdemo.B_BasicTestNgScript" name="test1" time="0.033"/>
  <testcase classname="e.testngdemo.B_BasicTestNgScript" name="test2" time="0.004"/>
</testsuite> <!-- e.testngdemo.B_BasicTestNgScript -->
