<?xml version="1.0" encoding="UTF-8"?>
<!-- Generated by org.testng.reporters.JUnitReportReporter -->
<testsuite hostname="TALW46ZLPC0748" failures="0" tests="1" name="e.testngdemo.A_BasicTestNgScript" time="0.004" errors="0" timestamp="2024-07-31T11:00:22 IST" skipped="0">
  <testcase classname="e.testngdemo.A_BasicTestNgScript" name="test1" time="0.004"/>
</testsuite> <!-- e.testngdemo.A_BasicTestNgScript -->
