<?xml version="1.0" encoding="UTF-8"?>
<!-- Generated by org.testng.reporters.JUnitReportReporter -->
<testsuite hostname="TALW46ZLPC0748" failures="0" tests="2" name="e.testngdemo.M_CalcTest" time="0.015" errors="0" timestamp="2024-07-31T11:24:03 IST" skipped="0">
  <testcase classname="e.testngdemo.M_CalcTest" name="sub" time="0.002"/>
  <testcase classname="e.testngdemo.M_CalcTest" name="add" time="0.013"/>
</testsuite> <!-- e.testngdemo.M_CalcTest -->
