<?xml version="1.0" encoding="UTF-8"?>
<!-- Generated by org.testng.reporters.JUnitReportReporter -->
<testsuite hostname="TALW46ZLPC0748" failures="0" tests="3" name="e.testngdemo.I_TestExecutionPriority" time="0.158" errors="0" timestamp="2024-07-31T11:12:19 IST" skipped="0">
  <testcase classname="e.testngdemo.I_TestExecutionPriority" name="test1" time="0.057"/>
  <testcase classname="e.testngdemo.I_TestExecutionPriority" name="test3" time="0.032"/>
  <testcase classname="e.testngdemo.I_TestExecutionPriority" name="test2" time="0.069"/>
</testsuite> <!-- e.testngdemo.I_TestExecutionPriority -->
