<?xml version="1.0" encoding="UTF-8"?>
<!-- Generated by org.testng.reporters.JUnitReportReporter -->
<testsuite hostname="TALW46ZLPC0748" failures="0" tests="1" name="e.testngdemo.C_GoogleSearch" time="57.294" errors="0" timestamp="2024-07-31T10:18:07 IST" skipped="0">
  <testcase classname="e.testngdemo.C_GoogleSearch" name="test1" time="57.294"/>
</testsuite> <!-- e.testngdemo.C_GoogleSearch -->
