<?xml version="1.0" encoding="UTF-8"?>
<!-- Generated by org.testng.reporters.JUnitReportReporter -->
<testsuite hostname="TALW46ZLPC0748" failures="0" tests="1" name="e.testngdemo.D_VerificationAndValidation" time="15.610" errors="0" timestamp="2024-07-12T17:00:13 IST" skipped="0">
  <testcase classname="e.testngdemo.D_VerificationAndValidation" name="test1" time="15.610"/>
</testsuite> <!-- e.testngdemo.D_VerificationAndValidation -->
