<?xml version="1.0" encoding="UTF-8"?>
<!-- Generated by org.testng.reporters.JUnitReportReporter -->
<testsuite hostname="TALW46ZLPC0748" failures="0" tests="2" name="e.testngdemo.M_CalcTest" time="0.023" errors="0" timestamp="2024-07-15T15:38:03 IST" skipped="0">
  <testcase classname="e.testngdemo.M_CalcTest" name="sub" time="0.004"/>
  <testcase classname="e.testngdemo.M_CalcTest" name="add" time="0.019"/>
</testsuite> <!-- e.testngdemo.M_CalcTest -->
