<?xml version="1.0" encoding="UTF-8"?>
<!-- Generated by org.testng.reporters.JUnitReportReporter -->
<testsuite hostname="TALW46ZLPC0748" failures="0" tests="1" name="g.jsexecutor.A_JSExecutor_Scroll" time="34.754" errors="0" timestamp="2024-07-15T18:20:40 IST" skipped="0">
  <testcase classname="g.jsexecutor.A_JSExecutor_Scroll" name="test1" time="34.754"/>
</testsuite> <!-- g.jsexecutor.A_JSExecutor_Scroll -->
