<?xml version="1.0" encoding="UTF-8"?>
<!-- Generated by org.testng.reporters.JUnitReportReporter -->
<testsuite hostname="TALW46ZLPC0748" failures="0" tests="3" name="e.testngdemo.I_TestExecutionPriority" time="0.064" errors="0" timestamp="2024-07-15T15:02:44 IST" skipped="0">
  <testcase classname="e.testngdemo.I_TestExecutionPriority" name="test3" time="0.020"/>
  <testcase classname="e.testngdemo.I_TestExecutionPriority" name="test1" time="0.004"/>
  <testcase classname="e.testngdemo.I_TestExecutionPriority" name="test2" time="0.040"/>
</testsuite> <!-- e.testngdemo.I_TestExecutionPriority -->
