<?xml version="1.0" encoding="UTF-8"?>
<!-- Generated by org.testng.reporters.JUnitReportReporter -->
<testsuite hostname="TALW46ZLPC0748" failures="0" tests="1" name="k.screenshotdemo.A_ScreenshotDemoGoogle" time="28.645" errors="0" timestamp="2024-07-17T17:29:57 IST" skipped="0">
  <testcase classname="k.screenshotdemo.A_ScreenshotDemoGoogle" name="test1" time="28.645"/>
</testsuite> <!-- k.screenshotdemo.A_ScreenshotDemoGoogle -->
