<?xml version="1.0" encoding="UTF-8"?>
<!-- Generated by org.testng.reporters.JUnitReportReporter -->
<testsuite hostname="TALW46ZLPC0748" failures="0" tests="2" name="e.testngdemo.E_GoogleWikipedia" time="29.760" errors="0" timestamp="2024-07-12T17:06:02 IST" skipped="0">
  <testcase classname="e.testngdemo.E_GoogleWikipedia" name="test2" time="14.388"/>
  <testcase classname="e.testngdemo.E_GoogleWikipedia" name="test1" time="15.372"/>
</testsuite> <!-- e.testngdemo.E_GoogleWikipedia -->
