<?xml version="1.0" encoding="UTF-8"?>
<!-- Generated by org.testng.reporters.JUnitReportReporter -->
<testsuite hostname="TALW46ZLPC0748" failures="0" tests="3" name="e.testngdemo.J_TestGrouping" time="0.046" errors="0" timestamp="2024-07-15T15:11:46 IST" skipped="0">
  <testcase classname="e.testngdemo.J_TestGrouping" name="test1" time="0.039"/>
  <testcase classname="e.testngdemo.J_TestGrouping" name="test3" time="0.003"/>
  <testcase classname="e.testngdemo.J_TestGrouping" name="test4" time="0.004"/>
</testsuite> <!-- e.testngdemo.J_TestGrouping -->
