<?xml version="1.0" encoding="UTF-8"?>
<!-- Generated by org.testng.reporters.JUnitReportReporter -->
<testsuite hostname="TALW46ZLPC0748" failures="0" tests="1" name="k.screenshotdemo.A_ScreenshotDemoGoogle" time="15.450" errors="0" timestamp="2025-04-28T15:51:09 IST" skipped="0">
  <testcase classname="k.screenshotdemo.A_ScreenshotDemoGoogle" name="test1" time="15.450"/>
</testsuite> <!-- k.screenshotdemo.A_ScreenshotDemoGoogle -->
