<?xml version="1.0" encoding="UTF-8"?>
<!-- Generated by org.testng.reporters.JUnitReportReporter -->
<testsuite hostname="TALW46ZLPC0748" failures="0" tests="2" name="testngdemo.TestNgScripts" time="0.029" errors="0" timestamp="2025-04-23T15:58:09 IST" skipped="0">
  <testcase classname="testngdemo.TestNgScripts" name="test2" time="0.019"/>
  <testcase classname="testngdemo.TestNgScripts" name="test1" time="0.010"/>
</testsuite> <!-- testngdemo.TestNgScripts -->
