<?xml version="1.0" encoding="UTF-8"?>
<!-- Generated by org.testng.reporters.JUnitReportReporter -->
<testsuite hostname="TALW46ZLPC0748" failures="0" tests="1" name="jsexecutor.JSExecutorEx" time="35.441" errors="0" timestamp="2025-04-25T15:36:41 IST" skipped="0">
  <testcase classname="jsexecutor.JSExecutorEx" name="test1" time="35.441"/>
</testsuite> <!-- jsexecutor.JSExecutorEx -->
