<?xml version="1.0" encoding="UTF-8"?>
<!-- Generated by org.testng.reporters.JUnitReportReporter -->
<testsuite hostname="TALW46ZLPC0748" failures="0" tests="1" name="testngdemo.AnnotationsDemo" time="0.012" errors="0" timestamp="2025-04-24T12:20:24 IST" skipped="0">
  <testcase classname="testngdemo.AnnotationsDemo" name="test1" time="0.012"/>
</testsuite> <!-- testngdemo.AnnotationsDemo -->
