<?xml version="1.0" encoding="UTF-8"?>
<!-- Generated by org.testng.reporters.JUnitReportReporter -->
<testsuite hostname="TALW46ZLPC0748" failures="0" tests="2" name="testngdemo.N_TestExecuteParallel" time="0.036" errors="0" timestamp="2025-04-24T16:55:44 IST" skipped="0">
  <testcase classname="testngdemo.N_TestExecuteParallel" name="test2" time="0.017"/>
  <testcase classname="testngdemo.N_TestExecuteParallel" name="test1" time="0.019"/>
</testsuite> <!-- testngdemo.N_TestExecuteParallel -->
