<?xml version="1.0" encoding="UTF-8"?>
<!-- Generated by org.testng.reporters.JUnitReportReporter -->
<testsuite hostname="TALW46ZLPC0748" failures="0" tests="1" name="reportingdemo.A_GoogleSearch" time="30.257" errors="0" timestamp="2025-04-30T11:09:53 IST" skipped="0">
  <testcase classname="reportingdemo.A_GoogleSearch" name="test1" time="30.257"/>
</testsuite> <!-- reportingdemo.A_GoogleSearch -->
