<?xml version="1.0" encoding="UTF-8"?>
<!-- Generated by org.testng.reporters.JUnitReportReporter -->
<testsuite hostname="TALW46ZLPC0748" failures="0" tests="1" name="testngdemo.BasicTestNgScript" time="0.005" errors="0" timestamp="2025-04-24T16:07:29 IST" skipped="0">
  <testcase classname="testngdemo.BasicTestNgScript" name="test1" time="0.005"/>
</testsuite> <!-- testngdemo.BasicTestNgScript -->
