<?xml version="1.0" encoding="UTF-8"?>
<!-- Generated by org.testng.reporters.JUnitReportReporter -->
<testsuite hostname="TALW46ZLPC0748" failures="0" tests="4" name="testngdemo.J_TestGrouping" time="0.021" errors="0" timestamp="2025-04-24T16:02:25 IST" skipped="0">
  <testcase classname="testngdemo.J_TestGrouping" name="test4" time="0.002"/>
  <testcase classname="testngdemo.J_TestGrouping" name="test3" time="0.002"/>
  <testcase classname="testngdemo.J_TestGrouping" name="test5" time="0.002"/>
  <testcase classname="testngdemo.J_TestGrouping" name="test1" time="0.015"/>
</testsuite> <!-- testngdemo.J_TestGrouping -->
