<?xml version="1.0" encoding="UTF-8"?>
<!-- Generated by org.testng.reporters.JUnitReportReporter -->
<testsuite hostname="TALW46ZLPC0748" failures="0" tests="1" name="testngdemo.GoogleSearch" time="12.669" errors="0" timestamp="2025-04-23T16:07:03 IST" skipped="0">
  <testcase classname="testngdemo.GoogleSearch" name="test1" time="12.669"/>
</testsuite> <!-- testngdemo.GoogleSearch -->
