<?xml version="1.0" encoding="UTF-8"?>
<!-- Generated by org.testng.reporters.JUnitReportReporter -->
<testsuite hostname="RICSW42NLPC0548" failures="0" tests="1" name="com.projectOrangehrm.tests.LoginTest" time="10.406" errors="0" timestamp="2025-01-02T18:45:38 IST" skipped="0">
  <testcase classname="com.projectOrangehrm.tests.LoginTest" name="loginTest" time="10.406"/>
</testsuite> <!-- com.projectOrangehrm.tests.LoginTest -->
