<?xml version="1.0" encoding="UTF-8"?>
<!-- Generated by org.testng.reporters.JUnitReportReporter -->
<testsuite hostname="TALEW42NLPC2915" failures="0" tests="1" name="testngdemo.A_BasicTestNgScript" time="0.010" errors="0" timestamp="2025-08-07T16:42:30 IST" skipped="0">
  <testcase classname="testngdemo.A_BasicTestNgScript" name="test1" time="0.010"/>
</testsuite> <!-- testngdemo.A_BasicTestNgScript -->
