<?xml version="1.0" encoding="UTF-8"?>
<!-- Generated by org.testng.reporters.JUnitReportReporter -->
<testsuite hostname="TALEW42NLPC2915" failures="0" tests="1" name="testngdemo.D_VerifiationAndValidation" time="9.158" errors="0" timestamp="2025-08-06T17:51:19 IST" skipped="0">
  <testcase classname="testngdemo.D_VerifiationAndValidation" name="test1" time="9.158"/>
</testsuite> <!-- testngdemo.D_VerifiationAndValidation -->
