<?xml version="1.0" encoding="UTF-8"?>
<!-- Generated by org.testng.reporters.JUnitReportReporter -->
<testsuite hostname="TALEW42NLPC2915" failures="0" tests="2" name="testngdemo.H_EnabledParam" time="0.042" errors="0" timestamp="2025-08-07T15:55:12 IST" skipped="1">
  <testcase classname="testngdemo.H_EnabledParam" name="test2" time="0.042"/>
  <testcase classname="testngdemo.H_EnabledParam" name="test1">
    <skipped/>
  </testcase> <!-- test1 -->
</testsuite> <!-- testngdemo.H_EnabledParam -->
