<?xml version="1.0" encoding="UTF-8"?>
<!-- Generated by org.testng.reporters.JUnitReportReporter -->
<testsuite hostname="TALEW42NLPC2915" failures="0" tests="1" name="gridex.GoogleHome" time="8.689" errors="0" timestamp="2025-08-11T17:05:51 IST" skipped="0">
  <testcase classname="gridex.GoogleHome" name="test1" time="8.689"/>
</testsuite> <!-- gridex.GoogleHome -->
