<?xml version="1.0" encoding="UTF-8"?>
<!-- Generated by org.testng.reporters.JUnitReportReporter -->
<testsuite hostname="TALEW42NLPC2915" failures="0" tests="1" name="basics.HelloTestNg" time="0.015" errors="0" timestamp="2025-07-28T16:16:02 IST" skipped="0">
  <testcase classname="basics.HelloTestNg" name="test" time="0.015"/>
</testsuite> <!-- basics.HelloTestNg -->
