<?xml version="1.0" encoding="UTF-8"?>
<!-- Generated by org.testng.reporters.JUnitReportReporter -->
<testsuite hostname="TALEW42NLPC2915" failures="0" tests="3" name="testngdemo.I_TestExecutionPriority" time="0.052" errors="0" timestamp="2025-08-07T16:28:35 IST" skipped="1">
  <testcase classname="testngdemo.I_TestExecutionPriority" name="test2" time="0.021"/>
  <testcase classname="testngdemo.I_TestExecutionPriority" name="test1" time="0.031"/>
  <testcase classname="testngdemo.I_TestExecutionPriority" name="test3">
    <skipped/>
  </testcase> <!-- test3 -->
</testsuite> <!-- testngdemo.I_TestExecutionPriority -->
