<?xml version="1.0" encoding="UTF-8"?>
<!-- Generated by org.testng.reporters.JUnitReportReporter -->
<testsuite hostname="TALEW42NLPC2915" failures="0" tests="2" name="testngdemo.M_CalcTest" time="0.034" errors="0" timestamp="2025-08-07T17:43:09 IST" skipped="0">
  <testcase classname="testngdemo.M_CalcTest" name="add" time="0.029"/>
  <testcase classname="testngdemo.M_CalcTest" name="sub" time="0.005"/>
</testsuite> <!-- testngdemo.M_CalcTest -->
