<?xml version="1.0" encoding="UTF-8"?>
<!-- Generated by org.testng.reporters.JUnitReportReporter -->
<testsuite hostname="TALEW42NLPC2915" failures="0" tests="2" name="testngdemo.E_GoogleWikipedia" time="26.955" errors="0" timestamp="2025-08-07T15:18:28 IST" skipped="0">
  <testcase classname="testngdemo.E_GoogleWikipedia" name="test1" time="14.372"/>
  <testcase classname="testngdemo.E_GoogleWikipedia" name="test2" time="12.583"/>
</testsuite> <!-- testngdemo.E_GoogleWikipedia -->
