<?xml version="1.0" encoding="UTF-8"?>
<!-- Generated by org.testng.reporters.JUnitReportReporter -->
<testsuite hostname="TALEW42NLPC2915" failures="0" tests="1" name="testngdemo.C_GoogleSearch" time="12.267" errors="0" timestamp="2025-08-06T17:42:39 IST" skipped="0">
  <testcase classname="testngdemo.C_GoogleSearch" name="test1" time="12.267"/>
</testsuite> <!-- testngdemo.C_GoogleSearch -->
