<?xml version="1.0" encoding="UTF-8"?>
<!-- Generated by org.testng.reporters.JUnitReportReporter -->
<testsuite hostname="TALEW42NLPC2915" failures="0" tests="2" name="testngdemo.F_AnnotationsDemo" time="0.026" errors="0" timestamp="2025-08-07T15:39:07 IST" skipped="0">
  <testcase classname="testngdemo.F_AnnotationsDemo" name="test1" time="0.023"/>
  <testcase classname="testngdemo.F_AnnotationsDemo" name="test2" time="0.003"/>
</testsuite> <!-- testngdemo.F_AnnotationsDemo -->
