<?xml version="1.0" encoding="UTF-8"?>
<!-- Generated by org.testng.reporters.JUnitReportReporter -->
<testsuite hostname="TALEW42NLPC2915" failures="0" tests="2" name="testngdemo.N_TestExecutionParallel" time="0.042" errors="0" timestamp="2025-08-07T17:50:18 IST" skipped="0">
  <testcase classname="testngdemo.N_TestExecutionParallel" name="test2" time="0.021"/>
  <testcase classname="testngdemo.N_TestExecutionParallel" name="test1" time="0.021"/>
</testsuite> <!-- testngdemo.N_TestExecutionParallel -->
