<?xml version="1.0" encoding="UTF-8"?>
<!-- Generated by org.testng.reporters.JUnitReportReporter -->
<testsuite hostname="TALEW42NLPC2915" failures="0" tests="2" name="testngdemo.B_TestNgScripts" time="0.021" errors="0" timestamp="2025-08-06T17:26:16 IST" skipped="0">
  <testcase classname="testngdemo.B_TestNgScripts" name="test2" time="0.005"/>
  <testcase classname="testngdemo.B_TestNgScripts" name="test1" time="0.016"/>
</testsuite> <!-- testngdemo.B_TestNgScripts -->
