<?xml version="1.0" encoding="UTF-8"?>
<!-- Generated by org.testng.reporters.JUnitReportReporter -->
<testsuite hostname="TALEW42NLPC2915" failures="0" tests="3" name="testngdemo.K_TestDependsOn" time="0.052" errors="0" timestamp="2025-08-07T17:23:42 IST" skipped="0">
  <testcase classname="testngdemo.K_TestDependsOn" name="test1" time="0.019"/>
  <testcase classname="testngdemo.K_TestDependsOn" name="test3" time="0.029"/>
  <testcase classname="testngdemo.K_TestDependsOn" name="test2" time="0.004"/>
</testsuite> <!-- testngdemo.K_TestDependsOn -->
