<?xml version="1.0" encoding="UTF-8"?>
<!-- Generated by org.testng.reporters.JUnitReportReporter -->
<testsuite hostname="TALEW42NLPC2915" failures="0" tests="3" name="testngdemo.J_TestGrouping" time="0.028" errors="0" timestamp="2025-08-07T16:40:26 IST" skipped="0">
  <testcase classname="testngdemo.J_TestGrouping" name="test4" time="0.005"/>
  <testcase classname="testngdemo.J_TestGrouping" name="test2" time="0.004"/>
  <testcase classname="testngdemo.J_TestGrouping" name="test1" time="0.019"/>
</testsuite> <!-- testngdemo.J_TestGrouping -->
