<?xml version="1.0" encoding="UTF-8"?>
<!-- Generated by org.testng.reporters.JUnitReportReporter -->
<testsuite hostname="TALW46ZLPC0748" failures="0" tests="1" name="a.basics.HelloTestNg" time="0.060" errors="0" timestamp="2024-10-16T12:17:21 IST" skipped="0">
  <testcase classname="a.basics.HelloTestNg" name="test1" time="0.060"/>
</testsuite> <!-- a.basics.HelloTestNg -->
