<?xml version="1.0" encoding="UTF-8"?>
<!-- Generated by org.testng.reporters.JUnitReportReporter -->
<testsuite hostname="TALW46ZLPC0748" failures="0" tests="1" name="n.reporting.A_GoogleSearch" time="26.452" errors="0" timestamp="2024-11-13T12:42:10 IST" skipped="0">
  <testcase classname="n.reporting.A_GoogleSearch" name="test1" time="26.452"/>
</testsuite> <!-- n.reporting.A_GoogleSearch -->
