<?xml version="1.0" encoding="UTF-8"?>
<!-- Generated by org.testng.reporters.JUnitReportReporter -->
<testsuite hostname="TALW46ZLPC0748" failures="0" tests="1" name="z.challenges.ScreenshotDemo_UUID" time="18.481" errors="0" timestamp="2025-04-28T16:05:06 IST" skipped="0">
  <testcase classname="z.challenges.ScreenshotDemo_UUID" name="test1" time="18.481"/>
</testsuite> <!-- z.challenges.ScreenshotDemo_UUID -->
