<?xml version="1.0" encoding="UTF-8"?>
<!-- Generated by org.testng.reporters.JUnitReportReporter -->
<testsuite hostname="TALW46ZLPC0748" failures="0" tests="1" name="z.challenges.ScreenshotDemo_UnixTimestamp" time="19.878" errors="0" timestamp="2025-04-28T16:02:33 IST" skipped="0">
  <testcase classname="z.challenges.ScreenshotDemo_UnixTimestamp" name="test1" time="19.878"/>
</testsuite> <!-- z.challenges.ScreenshotDemo_UnixTimestamp -->
