<?xml version="1.0" encoding="UTF-8"?>
<!-- Generated by org.testng.reporters.JUnitReportReporter -->
<testsuite hostname="TALW46ZLPC0748" failures="0" tests="1" name="e.testngdemo.M_ShoppingList" time="0.003" errors="0" timestamp="2024-10-30T11:18:43 IST" skipped="0">
  <testcase classname="e.testngdemo.M_ShoppingList" name="cartList" time="0.003"/>
</testsuite> <!-- e.testngdemo.M_ShoppingList -->
