<?xml version="1.0" encoding="UTF-8"?>
<!-- Generated by org.testng.reporters.JUnitReportReporter -->
<testsuite hostname="TALEW42NLPC2915" failures="0" tests="1" name="k.screenshotdemo.A_ScreenshotDemoGoogle" time="12.373" errors="0" timestamp="2025-08-13T16:12:09 IST" skipped="0">
  <testcase classname="k.screenshotdemo.A_ScreenshotDemoGoogle" name="test1" time="12.373"/>
</testsuite> <!-- k.screenshotdemo.A_ScreenshotDemoGoogle -->
