<?xml version="1.0" encoding="UTF-8"?>
<!-- Generated by org.testng.reporters.JUnitReportReporter -->
<testsuite hostname="TALW46ZLPC0748" failures="0" tests="1" name="e.testngdemo.C_GoogleSearch" time="29.838" errors="0" timestamp="2024-10-28T11:57:08 IST" skipped="0">
  <testcase classname="e.testngdemo.C_GoogleSearch" name="test1" time="29.838"/>
</testsuite> <!-- e.testngdemo.C_GoogleSearch -->
