<?xml version="1.0" encoding="UTF-8"?>
<!-- Generated by org.testng.reporters.JUnitReportReporter -->
<testsuite hostname="TALW46ZLPC0748" failures="0" tests="1" name="e.testngdemo.D_VerificationAndValidation" time="24.551" errors="0" timestamp="2024-10-28T12:09:08 IST" skipped="0">
  <testcase classname="e.testngdemo.D_VerificationAndValidation" name="test1" time="24.551"/>
</testsuite> <!-- e.testngdemo.D_VerificationAndValidation -->
