<?xml version="1.0" encoding="UTF-8"?>
<!-- Generated by org.testng.reporters.JUnitReportReporter -->
<testsuite hostname="TALW46ZLPC0748" failures="0" tests="2" name="e.testngdemo.B_TestNgScripts" time="0.010" errors="0" timestamp="2024-10-28T12:42:47 IST" skipped="0">
  <testcase classname="e.testngdemo.B_TestNgScripts" name="test1" time="0.004"/>
  <testcase classname="e.testngdemo.B_TestNgScripts" name="test2" time="0.006"/>
</testsuite> <!-- e.testngdemo.B_TestNgScripts -->
