<?xml version="1.0" encoding="UTF-8"?>
<!-- Generated by org.testng.reporters.JUnitReportReporter -->
<testsuite hostname="TALW46ZLPC0748" failures="0" tests="3" name="e.testngdemo.I2_TestExecutionPriority2" time="0.071" errors="0" timestamp="2024-10-30T10:24:58 IST" skipped="0">
  <testcase classname="e.testngdemo.I2_TestExecutionPriority2" name="test3" time="0.061"/>
  <testcase classname="e.testngdemo.I2_TestExecutionPriority2" name="test1" time="0.006"/>
  <testcase classname="e.testngdemo.I2_TestExecutionPriority2" name="test2" time="0.004"/>
</testsuite> <!-- e.testngdemo.I2_TestExecutionPriority2 -->
