<?xml version="1.0" encoding="UTF-8"?>
<!-- Generated by org.testng.reporters.JUnitReportReporter -->
<testsuite hostname="TALW46ZLPC0748" failures="0" tests="1" name="g.jsexecutor.A_JSExecutor_Scroll" time="30.057" errors="0" timestamp="2024-10-30T13:02:34 IST" skipped="0">
  <testcase classname="g.jsexecutor.A_JSExecutor_Scroll" name="test1" time="30.057"/>
</testsuite> <!-- g.jsexecutor.A_JSExecutor_Scroll -->
