<?xml version="1.0" encoding="UTF-8"?>
<!-- Generated by org.testng.reporters.JUnitReportReporter -->
<testsuite hostname="TALW46ZLPC0748" failures="0" tests="2" name="e.testngdemo.F_AnnotationsDemo" time="0.026" errors="0" timestamp="2024-10-28T12:31:56 IST" skipped="0">
  <testcase classname="e.testngdemo.F_AnnotationsDemo" name="test1" time="0.022"/>
  <testcase classname="e.testngdemo.F_AnnotationsDemo" name="test2" time="0.004"/>
</testsuite> <!-- e.testngdemo.F_AnnotationsDemo -->
