<?xml version="1.0" encoding="UTF-8"?>
<!-- Generated by org.testng.reporters.JUnitReportReporter -->
<testsuite hostname="TALW46ZLPC0748" failures="0" tests="2" name="e.testngdemo.E_GoogleWikipedia" time="43.649" errors="0" timestamp="2024-10-28T12:12:49 IST" skipped="0">
  <testcase classname="e.testngdemo.E_GoogleWikipedia" name="test1" time="22.988"/>
  <testcase classname="e.testngdemo.E_GoogleWikipedia" name="test2" time="20.661"/>
</testsuite> <!-- e.testngdemo.E_GoogleWikipedia -->
