<?xml version="1.0" encoding="UTF-8"?>
<!-- Generated by org.testng.reporters.JUnitReportReporter -->
<testsuite hostname="TALW46ZLPC0748" failures="0" tests="2" name="e.testngdemo.M_CalcTest" time="0.034" errors="0" timestamp="2024-10-30T11:18:43 IST" skipped="0">
  <testcase classname="e.testngdemo.M_CalcTest" name="sub" time="0.007"/>
  <testcase classname="e.testngdemo.M_CalcTest" name="add" time="0.027"/>
</testsuite> <!-- e.testngdemo.M_CalcTest -->
