<?xml version="1.0" encoding="UTF-8"?>
<!-- Generated by org.testng.reporters.JUnitReportReporter -->
<testsuite hostname="TALW46ZLPC0748" failures="0" tests="1" name="f.grid.A_GoogleHome" time="25.462" errors="0" timestamp="2024-10-30T12:30:12 IST" skipped="0">
  <testcase classname="f.grid.A_GoogleHome" name="test1" time="25.462"/>
</testsuite> <!-- f.grid.A_GoogleHome -->
