<?xml version="1.0" encoding="UTF-8"?>
<!-- Generated by org.testng.reporters.JUnitReportReporter -->
<testsuite hostname="TALW46ZLPC0748" failures="0" tests="1" name="z.challenges.SoftAssertionsEx" time="16.260" errors="0" timestamp="2025-04-27T11:53:37 IST" skipped="0">
  <testcase classname="z.challenges.SoftAssertionsEx" name="testSoftAssert" time="16.260"/>
</testsuite> <!-- z.challenges.SoftAssertionsEx -->
