<?xml version="1.0" encoding="UTF-8"?>
<!-- Generated by org.testng.reporters.JUnitReportReporter -->
<testsuite hostname="TALEW42NLPC2915" failures="0" tests="1" name="m.logging.GoogleTest" time="8.793" errors="0" timestamp="2025-08-13T17:16:04 IST" skipped="0">
  <testcase classname="m.logging.GoogleTest" name="testGoogleHomePage" time="8.793"/>
</testsuite> <!-- m.logging.GoogleTest -->
