<?xml version="1.0" encoding="UTF-8"?>
<!-- Generated by org.testng.reporters.JUnitReportReporter -->
<testsuite hostname="TALW46ZLPC0748" failures="0" tests="3" name="e.testngdemo.I_TestExecutionPriority" time="0.069" errors="0" timestamp="2024-10-30T10:22:59 IST" skipped="0">
  <testcase classname="e.testngdemo.I_TestExecutionPriority" name="test1" time="0.051"/>
  <testcase classname="e.testngdemo.I_TestExecutionPriority" name="test3" time="0.010"/>
  <testcase classname="e.testngdemo.I_TestExecutionPriority" name="test2" time="0.008"/>
</testsuite> <!-- e.testngdemo.I_TestExecutionPriority -->
