<?xml version="1.0" encoding="UTF-8"?>
<!-- Generated by org.testng.reporters.JUnitReportReporter -->
<testsuite hostname="TALW46ZLPC0748" failures="0" tests="1" name="misc.testngdemos.GetSinglePostTest" time="5.671" errors="0" timestamp="2025-06-19T15:16:05 IST" skipped="0">
  <testcase classname="misc.testngdemos.GetSinglePostTest" name="fetchSinglePost" time="5.671"/>
</testsuite> <!-- misc.testngdemos.GetSinglePostTest -->
